<?xml version="1.0" encoding="UTF-8"?>
<!-- Generated by org.testng.reporters.JUnitXMLReporter -->
<testsuite ignored="0" hostname="LAPTOP-R6HH0JS3" failures="2" tests="2" name="Default test" time="16.124" errors="0" timestamp="2026-02-15T18:52:23 IST">
  <testcase classname="io.cucumber.testng.AbstractTestNGCucumberTests" name="runScenario" time="7.992">
    <failure type="java.lang.AssertionError" message="expected [Thank you message] but found [Incorrect username ands password]">
      <![CDATA[java.lang.AssertionError: expected [Thank you message] but found [Incorrect username ands password]
at org.testng.Assert.fail(Assert.java:110)
at org.testng.Assert.failNotEquals(Assert.java:1413)
at org.testng.Assert.assertEqualsImpl(Assert.java:149)
at org.testng.Assert.assertEquals(Assert.java:131)
at org.testng.Assert.assertEquals(Assert.java:655)
at org.testng.Assert.assertEquals(Assert.java:665)
at stepDefination.StepDefinationImp.message_is_displayed(StepDefinationImp.java:68)
at ✽."Incorrect username ands password" message is displayed(file:///E:/New%20folder%20(2)/Workspace/SeleniumFrameworkDesgin/src/test/java/cucumber/Errorvalidation.feature:10)
]]>
    </failure>
  </testcase> <!-- runScenario -->
  <testcase classname="io.cucumber.testng.AbstractTestNGCucumberTests" name="runScenario" time="7.183">
    <failure type="io.cucumber.testng.UndefinedStepException" message="The step &amp;apos;checkout ZARA COAT 3and submit order&amp;apos; is undefined.
You can implement this step using the snippet(s) below:

@When(&amp;quot;checkout ZARA COAT 3and submit order&amp;quot;)
public void checkout_zara_coat_3and_submit_order() {
    // Write code here that turns the phrase above into concrete actions
    throw new io.cucumber.java.PendingException();
}
">
      <![CDATA[io.cucumber.testng.UndefinedStepException: The step 'checkout ZARA COAT 3and submit order' is undefined.
You can implement this step using the snippet(s) below:

@When("checkout ZARA COAT 3and submit order")
public void checkout_zara_coat_3and_submit_order() {
    // Write code here that turns the phrase above into concrete actions
    throw new io.cucumber.java.PendingException();
}

at ✽.checkout ZARA COAT 3and submit order(file:///E:/New%20folder%20(2)/Workspace/SeleniumFrameworkDesgin/src/test/java/cucumber/PurchaseOrder.feature:13)
]]>
    </failure>
  </testcase> <!-- runScenario -->
</testsuite> <!-- Default test -->
