<html>
<head>
<title>TestNG:  Default test</title>
<link href="../testng.css" rel="stylesheet" type="text/css" />
<link href="../my-testng.css" rel="stylesheet" type="text/css" />

<style type="text/css">
.log { display: none;} 
.stack-trace { display: none;} 
</style>
<script type="text/javascript">
<!--
function flip(e) {
  current = e.style.display;
  if (current == 'block') {
    e.style.display = 'none';
    return 0;
  }
  else {
    e.style.display = 'block';
    return 1;
  }
}

function toggleBox(szDivId, elem, msg1, msg2)
{
  var res = -1;  if (document.getElementById) {
    res = flip(document.getElementById(szDivId));
  }
  else if (document.all) {
    // this is the way old msie versions work
    res = flip(document.all[szDivId]);
  }
  if(elem) {
    if(res == 0) elem.innerHTML = msg1; else elem.innerHTML = msg2;
  }

}

function toggleAllBoxes() {
  if (document.getElementsByTagName) {
    d = document.getElementsByTagName('div');
    for (i = 0; i < d.length; i++) {
      if (d[i].className == 'log') {
        flip(d[i]);
      }
    }
  }
}

// -->
</script>

</head>
<body>
<h2 align='center'>Default test</h2><table border='1' align="center">
<tr>
<td>Tests passed/Failed/Skipped:</td><td>0/2/0</td>
</tr><tr>
<td>Started on:</td><td>Sun Feb 15 18:52:07 IST 2026</td>
</tr>
<tr><td>Total time:</td><td>16 seconds (16124 ms)</td>
</tr><tr>
<td>Included groups:</td><td></td>
</tr><tr>
<td>Excluded groups:</td><td></td>
</tr>
</table><p/>
<small><i>(Hover the method name to see the test class name)</i></small><p/>
<table width='100%' border='1' class='invocation-failed'>
<tr><td colspan='4' align='center'><b>FAILED TESTS</b></td></tr>
<tr><td><b>Test method</b></td>
<td><b>Attribute(s)</b></td>
<td width="30%"><b>Exception</b></td>
<td width="10%"><b>Time (seconds)</b></td>
<td><b>Instance</b></td>
</tr>
<tr>
<td title='cucumber.TestNgTestRunner.runScenario()'><b>runScenario</b><br>Test class: cucumber.TestNgTestRunner<br>Test method: Runs Cucumber Scenarios<br>Parameters: "Title of your scenario outline", "Error Validation"</td>
<td><div><pre>java.lang.AssertionError: expected [Thank you message] but found [Incorrect username ands password]
	at org.testng.Assert.fail(Assert.java:110)
	at org.testng.Assert.failNotEquals(Assert.java:1413)
	at org.testng.Assert.assertEqualsImpl(Assert.java:149)
	at org.testng.Assert.assertEquals(Assert.java:131)
	at org.testng.Assert.assertEquals(Assert.java:655)
	at org.testng.Assert.assertEquals(Assert.java:665)
	at stepDefination.StepDefinationImp.message_is_displayed(StepDefinationImp.java:68)
	at ✽.&quot;Incorrect username ands password&quot; message is displayed(file:///E:/New%20folder%20(2)/Workspace/SeleniumFrameworkDesgin/src/test/java/cucumber/Errorvalidation.feature:10)
</pre></div><a href='#' onClick='toggleBox("stack-trace1389808948", this, "Click to show all stack frames", "Click to hide stack frames")'>Click to show all stack frames</a>
<div class='stack-trace' id='stack-trace1389808948'><pre>java.lang.AssertionError: expected [Thank you message] but found [Incorrect username ands password]
	at org.testng.Assert.fail(Assert.java:110)
	at org.testng.Assert.failNotEquals(Assert.java:1413)
	at org.testng.Assert.assertEqualsImpl(Assert.java:149)
	at org.testng.Assert.assertEquals(Assert.java:131)
	at org.testng.Assert.assertEquals(Assert.java:655)
	at org.testng.Assert.assertEquals(Assert.java:665)
	at stepDefination.StepDefinationImp.message_is_displayed(StepDefinationImp.java:68)
	at ✽.&quot;Incorrect username ands password&quot; message is displayed(file:///E:/New%20folder%20(2)/Workspace/SeleniumFrameworkDesgin/src/test/java/cucumber/Errorvalidation.feature:10)
</pre></div></td>
<td>7</td>
<td>cucumber.TestNgTestRunner@8f2ef19</td></tr>
<tr>
<td title='cucumber.TestNgTestRunner.runScenario()'><b>runScenario</b><br>Test class: cucumber.TestNgTestRunner<br>Test method: Runs Cucumber Scenarios<br>Parameters: "positive test in purchasing the order", "Purchase the order from Ecommerce  website"</td>
<td><div><pre>io.cucumber.testng.UndefinedStepException: The step &apos;checkout ZARA COAT 3and submit order&apos; is undefined.
You can implement this step using the snippet(s) below:

@When(&quot;checkout ZARA COAT 3and submit order&quot;)
public void checkout_zara_coat_3and_submit_order() {
    // Write code here that turns the phrase above into concrete actions
    throw new io.cucumber.java.PendingException();
}

	at ✽.checkout ZARA COAT 3and submit order(file:///E:/New%20folder%20(2)/Workspace/SeleniumFrameworkDesgin/src/test/java/cucumber/PurchaseOrder.feature:13)
</pre></div><a href='#' onClick='toggleBox("stack-trace770669178", this, "Click to show all stack frames", "Click to hide stack frames")'>Click to show all stack frames</a>
<div class='stack-trace' id='stack-trace770669178'><pre>io.cucumber.testng.UndefinedStepException: The step &apos;checkout ZARA COAT 3and submit order&apos; is undefined.
You can implement this step using the snippet(s) below:

@When(&quot;checkout ZARA COAT 3and submit order&quot;)
public void checkout_zara_coat_3and_submit_order() {
    // Write code here that turns the phrase above into concrete actions
    throw new io.cucumber.java.PendingException();
}

	at ✽.checkout ZARA COAT 3and submit order(file:///E:/New%20folder%20(2)/Workspace/SeleniumFrameworkDesgin/src/test/java/cucumber/PurchaseOrder.feature:13)
</pre></div></td>
<td>7</td>
<td>cucumber.TestNgTestRunner@8f2ef19</td></tr>
</table><p>
</body>
</html>