<?xml version="1.0" encoding="UTF-8"?>
<!-- Generated by org.testng.reporters.JUnitReportReporter -->
<testsuite hostname="LAPTOP-R6HH0JS3" failures="1" tests="2" name="cucumber.TestNgTestRunner" time="15.175" errors="1" timestamp="2026-02-15T18:52:23 IST" skipped="0">
  <testcase classname="cucumber.TestNgTestRunner" name="runScenario" time="7.992">
    <failure message="expected [Thank you message] but found [Incorrect username ands password]" type="java.lang.AssertionError">
      <![CDATA[java.lang.AssertionError: expected [Thank you message] but found [Incorrect username ands password]
at org.testng.Assert.fail(Assert.java:110)
at org.testng.Assert.failNotEquals(Assert.java:1413)
at org.testng.Assert.assertEqualsImpl(Assert.java:149)
at org.testng.Assert.assertEquals(Assert.java:131)
at org.testng.Assert.assertEquals(Assert.java:655)
at org.testng.Assert.assertEquals(Assert.java:665)
at stepDefination.StepDefinationImp.message_is_displayed(StepDefinationImp.java:68)
at ✽."Incorrect username ands password" message is displayed(file:///E:/New%20folder%20(2)/Workspace/SeleniumFrameworkDesgin/src/test/java/cucumber/Errorvalidation.feature:10)
]]>
    </failure>
  </testcase> <!-- runScenario -->
  <system-out/>
  <testcase classname="cucumber.TestNgTestRunner" name="runScenario" time="7.183">
    <error message="The step &#039;checkout ZARA COAT 3and submit order&#039; is undefined.
You can implement this step using the snippet(s) below:

@When(&quot;checkout ZARA COAT 3and submit order&quot;)
public void checkout_zara_coat_3and_submit_order() {
    // Write code here that turns the phrase above into concrete actions
    throw new io.cucumber.java.PendingException();
}
" type="io.cucumber.testng.UndefinedStepException">
      <![CDATA[io.cucumber.testng.UndefinedStepException: The step 'checkout ZARA COAT 3and submit order' is undefined.
You can implement this step using the snippet(s) below:

@When("checkout ZARA COAT 3and submit order")
public void checkout_zara_coat_3and_submit_order() {
    // Write code here that turns the phrase above into concrete actions
    throw new io.cucumber.java.PendingException();
}

at ✽.checkout ZARA COAT 3and submit order(file:///E:/New%20folder%20(2)/Workspace/SeleniumFrameworkDesgin/src/test/java/cucumber/PurchaseOrder.feature:13)
]]>
    </error>
  </testcase> <!-- runScenario -->
  <system-out/>
</testsuite> <!-- cucumber.TestNgTestRunner -->
